mode: set
github.com/birdayz/kstreams/serde/float.go:10.62,13.2 2 1
github.com/birdayz/kstreams/serde/float.go:15.60,19.2 3 1
github.com/birdayz/kstreams/serde/json.go:9.53,10.35 1 1
github.com/birdayz/kstreams/serde/json.go:10.35,12.17 2 1
github.com/birdayz/kstreams/serde/json.go:12.17,14.4 1 1
github.com/birdayz/kstreams/serde/json.go:15.3,15.25 1 1
github.com/birdayz/kstreams/serde/json.go:19.57,20.35 1 1
github.com/birdayz/kstreams/serde/json.go:20.35,22.58 2 1
github.com/birdayz/kstreams/serde/json.go:22.58,24.4 1 1
github.com/birdayz/kstreams/serde/json.go:25.3,25.27 1 1
github.com/birdayz/kstreams/serde/json.go:29.38,34.2 1 1
github.com/birdayz/kstreams/serde/string.go:5.60,7.2 1 1
github.com/birdayz/kstreams/serde/string.go:9.58,11.2 1 1
github.com/birdayz/kstreams/processors/aggregator.go:45.3,46.80 1 1
github.com/birdayz/kstreams/processors/aggregator.go:46.80,55.3 1 1
github.com/birdayz/kstreams/processors/aggregator.go:57.2,59.39 2 1
github.com/birdayz/kstreams/processors/aggregator.go:63.102,66.16 3 1
github.com/birdayz/kstreams/processors/aggregator.go:66.16,67.46 1 1
github.com/birdayz/kstreams/processors/aggregator.go:67.46,69.4 1 1
github.com/birdayz/kstreams/processors/aggregator.go:69.9,71.4 1 0
github.com/birdayz/kstreams/processors/aggregator.go:74.2,75.50 2 1
github.com/birdayz/kstreams/processors/aggregator.go:75.50,77.3 1 0
github.com/birdayz/kstreams/processors/aggregator.go:79.2,84.12 2 1
github.com/birdayz/kstreams/processors/aggregator.go:87.130,91.2 3 1
github.com/birdayz/kstreams/processors/aggregator.go:93.67,95.2 1 1
github.com/birdayz/kstreams/processors/aggregator.go:111.32,119.2 1 1
github.com/birdayz/kstreams/processors/aggregator.go:121.72,127.16 3 1
github.com/birdayz/kstreams/processors/aggregator.go:127.16,129.3 1 0
github.com/birdayz/kstreams/processors/aggregator.go:131.2,132.16 2 1
github.com/birdayz/kstreams/processors/aggregator.go:132.16,134.3 1 0
github.com/birdayz/kstreams/processors/aggregator.go:136.2,136.42 1 1
github.com/birdayz/kstreams/processors/aggregator.go:139.72,148.16 4 1
github.com/birdayz/kstreams/processors/aggregator.go:148.16,150.3 1 0
github.com/birdayz/kstreams/processors/aggregator.go:152.2,153.16 2 1
github.com/birdayz/kstreams/processors/aggregator.go:153.16,155.3 1 1
github.com/birdayz/kstreams/processors/aggregator.go:157.2,157.33 1 1
github.com/birdayz/kstreams/processors/aggregator.go:160.52,162.2 1 0
github.com/birdayz/kstreams/processors/aggregator.go:164.53,166.2 1 0
github.com/birdayz/kstreams/processors/aggregator.go:168.53,170.2 1 0
github.com/birdayz/kstreams/processors/aggregator.go:172.211,173.60 1 1
github.com/birdayz/kstreams/processors/aggregator.go:173.60,175.17 2 0
github.com/birdayz/kstreams/processors/aggregator.go:175.17,177.4 1 0
github.com/birdayz/kstreams/processors/aggregator.go:179.3,179.140 1 0
github.com/birdayz/kstreams/processors/aggregator.go:191.102,192.47 1 1
github.com/birdayz/kstreams/processors/aggregator.go:192.47,199.17 3 1
github.com/birdayz/kstreams/processors/aggregator.go:199.17,201.4 1 0
github.com/birdayz/kstreams/processors/aggregator.go:203.3,205.48 3 1
github.com/birdayz/kstreams/processors/aggregator.go:205.48,207.4 1 0
github.com/birdayz/kstreams/processors/aggregator.go:209.3,209.53 1 1
github.com/birdayz/kstreams/processors/aggregator.go:209.53,211.4 1 0
github.com/birdayz/kstreams/processors/aggregator.go:213.3,214.17 2 1
github.com/birdayz/kstreams/processors/aggregator.go:214.17,216.4 1 0
github.com/birdayz/kstreams/processors/aggregator.go:217.3,217.42 1 1
github.com/birdayz/kstreams/processors/aggregator.go:217.42,219.4 1 0
github.com/birdayz/kstreams/processors/aggregator.go:221.3,221.26 1 1
github.com/birdayz/kstreams/processors/aggregator.go:225.110,226.54 1 1
github.com/birdayz/kstreams/processors/aggregator.go:226.54,228.31 2 1
github.com/birdayz/kstreams/processors/aggregator.go:228.31,230.4 1 1
github.com/birdayz/kstreams/processors/aggregator.go:232.3,235.17 3 1
github.com/birdayz/kstreams/processors/aggregator.go:235.17,237.4 1 0
github.com/birdayz/kstreams/processors/aggregator.go:239.3,243.17 4 1
github.com/birdayz/kstreams/processors/aggregator.go:243.17,245.4 1 1
github.com/birdayz/kstreams/processors/aggregator.go:247.3,250.9 1 1
github.com/birdayz/kstreams/processors/for_each.go:9.106,10.55 1 1
github.com/birdayz/kstreams/processors/for_each.go:10.55,14.3 1 1
github.com/birdayz/kstreams/processors/for_each.go:21.87,24.2 2 1
github.com/birdayz/kstreams/processors/for_each.go:26.103,28.2 1 1
github.com/birdayz/kstreams/processors/for_each.go:30.51,32.2 1 1
github.com/birdayz/kstreams/balancer.go:25.91,27.2 1 1
github.com/birdayz/kstreams/balancer.go:29.56,31.2 1 1
github.com/birdayz/kstreams/balancer.go:37.10,39.2 1 1
github.com/birdayz/kstreams/balancer.go:41.101,43.2 1 1
github.com/birdayz/kstreams/balancer.go:45.156,48.33 2 1
github.com/birdayz/kstreams/balancer.go:48.33,51.3 1 1
github.com/birdayz/kstreams/balancer.go:52.2,55.27 2 1
github.com/birdayz/kstreams/balancer.go:55.27,56.49 1 1
github.com/birdayz/kstreams/balancer.go:56.49,57.43 1 1
github.com/birdayz/kstreams/balancer.go:57.43,59.5 1 1
github.com/birdayz/kstreams/balancer.go:63.2,64.37 2 1
github.com/birdayz/kstreams/balancer.go:67.55,69.2 1 1
github.com/birdayz/kstreams/balancer.go:84.84,86.2 1 1
github.com/birdayz/kstreams/balancer.go:88.100,90.2 1 1
github.com/birdayz/kstreams/balancer.go:92.91,94.2 1 1
github.com/birdayz/kstreams/balancer.go:96.107,100.28 3 1
github.com/birdayz/kstreams/balancer.go:100.28,103.31 3 1
github.com/birdayz/kstreams/balancer.go:103.31,105.4 1 1
github.com/birdayz/kstreams/balancer.go:108.2,110.36 2 1
github.com/birdayz/kstreams/balancer.go:110.36,112.3 1 1
github.com/birdayz/kstreams/balancer.go:115.2,115.41 1 1
github.com/birdayz/kstreams/balancer.go:115.41,120.54 4 1
github.com/birdayz/kstreams/balancer.go:120.54,121.48 1 1
github.com/birdayz/kstreams/balancer.go:121.48,123.44 2 1
github.com/birdayz/kstreams/balancer.go:123.44,125.6 1 1
github.com/birdayz/kstreams/balancer.go:128.3,128.16 1 1
github.com/birdayz/kstreams/balancer.go:128.16,133.4 4 1
github.com/birdayz/kstreams/balancer.go:136.2,137.16 2 1
github.com/birdayz/kstreams/balancer.go:137.16,139.3 1 0
github.com/birdayz/kstreams/balancer.go:141.2,142.9 2 1
github.com/birdayz/kstreams/balancer.go:142.9,144.3 1 0
github.com/birdayz/kstreams/balancer.go:146.2,148.41 2 1
github.com/birdayz/kstreams/balancer.go:148.41,149.44 1 1
github.com/birdayz/kstreams/balancer.go:149.44,150.48 1 1
github.com/birdayz/kstreams/balancer.go:150.48,151.43 1 1
github.com/birdayz/kstreams/balancer.go:151.43,153.6 1 1
github.com/birdayz/kstreams/balancer.go:160.2,160.18 1 1
github.com/birdayz/kstreams/balancer.go:163.96,167.9 4 1
github.com/birdayz/kstreams/balancer.go:167.9,168.117 1 0
github.com/birdayz/kstreams/balancer.go:171.2,171.16 1 1
github.com/birdayz/kstreams/context.go:46.41,48.2 1 0
github.com/birdayz/kstreams/context.go:56.70,59.2 2 1
github.com/birdayz/kstreams/context.go:61.93,62.33 1 1
github.com/birdayz/kstreams/context.go:62.33,63.46 1 1
github.com/birdayz/kstreams/context.go:63.46,65.4 1 1
github.com/birdayz/kstreams/context.go:69.113,70.39 1 1
github.com/birdayz/kstreams/context.go:70.39,71.46 1 1
github.com/birdayz/kstreams/context.go:71.46,73.4 1 1
github.com/birdayz/kstreams/context.go:77.76,79.2 1 1
github.com/birdayz/kstreams/context.go:92.116,96.2 1 1
github.com/birdayz/kstreams/context.go:99.136,103.2 1 1
github.com/birdayz/kstreams/context.go:106.77,107.29 1 1
github.com/birdayz/kstreams/context.go:107.29,109.3 1 1
github.com/birdayz/kstreams/context.go:110.2,110.38 1 1
github.com/birdayz/kstreams/context.go:114.80,116.2 1 1
github.com/birdayz/kstreams/context.go:119.86,121.2 1 1
github.com/birdayz/kstreams/context.go:124.70,126.2 1 1
github.com/birdayz/kstreams/context.go:129.72,131.2 1 1
github.com/birdayz/kstreams/context.go:138.15,139.29 1 1
github.com/birdayz/kstreams/context.go:139.29,140.47 1 1
github.com/birdayz/kstreams/context.go:142.2,142.61 1 1
github.com/birdayz/kstreams/context.go:146.73,148.2 1 1
github.com/birdayz/kstreams/dag_builders.go:18.60,27.52 1 1
github.com/birdayz/kstreams/dag_builders.go:27.52,30.69 1 1
github.com/birdayz/kstreams/dag_builders.go:30.69,32.5 1 0
github.com/birdayz/kstreams/dag_builders.go:33.4,33.14 1 1
github.com/birdayz/kstreams/dag_builders.go:37.98,45.4 1 1
github.com/birdayz/kstreams/dag_builders.go:48.89,50.11 2 1
github.com/birdayz/kstreams/dag_builders.go:50.11,52.5 1 0
github.com/birdayz/kstreams/dag_builders.go:54.4,55.11 2 1
github.com/birdayz/kstreams/dag_builders.go:55.11,57.5 1 0
github.com/birdayz/kstreams/dag_builders.go:59.4,60.14 2 1
github.com/birdayz/kstreams/dag_builders.go:73.79,82.52 1 1
github.com/birdayz/kstreams/dag_builders.go:82.52,84.69 1 1
github.com/birdayz/kstreams/dag_builders.go:84.69,86.5 1 0
github.com/birdayz/kstreams/dag_builders.go:87.4,87.14 1 1
github.com/birdayz/kstreams/dag_builders.go:91.98,94.43 2 1
github.com/birdayz/kstreams/dag_builders.go:94.43,95.43 1 1
github.com/birdayz/kstreams/dag_builders.go:95.43,97.6 1 1
github.com/birdayz/kstreams/dag_builders.go:97.11,99.6 1 0
github.com/birdayz/kstreams/dag_builders.go:102.4,113.20 2 1
github.com/birdayz/kstreams/dag_builders.go:117.89,119.11 2 1
github.com/birdayz/kstreams/dag_builders.go:119.11,121.5 1 0
github.com/birdayz/kstreams/dag_builders.go:123.4,124.11 2 1
github.com/birdayz/kstreams/dag_builders.go:124.11,126.5 1 0
github.com/birdayz/kstreams/dag_builders.go:128.4,129.14 2 1
github.com/birdayz/kstreams/dag_builders.go:143.58,152.52 1 1
github.com/birdayz/kstreams/dag_builders.go:152.52,154.4 1 0
github.com/birdayz/kstreams/dag_builders.go:157.98,166.4 1 1
github.com/birdayz/kstreams/dag_builders.go:169.89,171.4 1 0
github.com/birdayz/kstreams/dag_construction.go:11.104,14.39 2 1
github.com/birdayz/kstreams/dag_construction.go:14.39,16.17 2 1
github.com/birdayz/kstreams/dag_construction.go:16.17,18.4 1 0
github.com/birdayz/kstreams/dag_construction.go:19.3,19.28 1 1
github.com/birdayz/kstreams/dag_construction.go:24.2,29.37 5 1
github.com/birdayz/kstreams/dag_construction.go:29.37,32.17 3 1
github.com/birdayz/kstreams/dag_construction.go:32.17,34.4 1 0
github.com/birdayz/kstreams/dag_construction.go:35.3,38.20 2 1
github.com/birdayz/kstreams/dag_construction.go:39.23,40.58 1 1
github.com/birdayz/kstreams/dag_construction.go:40.58,43.20 2 1
github.com/birdayz/kstreams/dag_construction.go:43.20,45.6 1 1
github.com/birdayz/kstreams/dag_construction.go:48.26,49.47 1 1
github.com/birdayz/kstreams/dag_construction.go:49.47,51.5 1 1
github.com/birdayz/kstreams/dag_construction.go:53.21,54.45 1 1
github.com/birdayz/kstreams/dag_construction.go:54.45,56.5 1 1
github.com/birdayz/kstreams/dag_construction.go:61.2,61.37 1 1
github.com/birdayz/kstreams/dag_construction.go:61.37,65.41 3 1
github.com/birdayz/kstreams/dag_construction.go:65.41,70.60 2 1
github.com/birdayz/kstreams/dag_construction.go:70.60,72.5 1 0
github.com/birdayz/kstreams/dag_construction.go:77.2,78.37 2 1
github.com/birdayz/kstreams/dag_construction.go:78.37,80.65 2 1
github.com/birdayz/kstreams/dag_construction.go:80.65,82.4 1 1
github.com/birdayz/kstreams/dag_construction.go:86.2,96.18 2 1
github.com/birdayz/kstreams/dag_construction.go:101.66,102.45 1 1
github.com/birdayz/kstreams/dag_construction.go:102.45,103.29 1 1
github.com/birdayz/kstreams/dag_construction.go:103.29,105.4 1 1
github.com/birdayz/kstreams/dag_construction.go:107.2,107.11 1 1
github.com/birdayz/kstreams/dag_construction.go:112.132,115.31 2 1
github.com/birdayz/kstreams/dag_construction.go:115.31,116.41 1 1
github.com/birdayz/kstreams/dag_construction.go:116.41,117.44 1 1
github.com/birdayz/kstreams/dag_construction.go:117.44,118.52 1 1
github.com/birdayz/kstreams/dag_construction.go:118.52,120.6 1 1
github.com/birdayz/kstreams/dag_construction.go:125.2,125.18 1 1
github.com/birdayz/kstreams/dag_graph.go:75.40,82.2 1 1
github.com/birdayz/kstreams/dag_validation.go:11.42,15.41 2 1
github.com/birdayz/kstreams/dag_validation.go:15.41,17.3 1 1
github.com/birdayz/kstreams/dag_validation.go:20.2,20.46 1 1
github.com/birdayz/kstreams/dag_validation.go:20.46,22.3 1 1
github.com/birdayz/kstreams/dag_validation.go:25.2,25.42 1 1
github.com/birdayz/kstreams/dag_validation.go:25.42,27.3 1 1
github.com/birdayz/kstreams/dag_validation.go:30.2,30.43 1 1
github.com/birdayz/kstreams/dag_validation.go:30.43,32.3 1 1
github.com/birdayz/kstreams/dag_validation.go:34.2,34.31 1 1
github.com/birdayz/kstreams/dag_validation.go:34.31,36.3 1 1
github.com/birdayz/kstreams/dag_validation.go:38.2,38.12 1 1
github.com/birdayz/kstreams/dag_validation.go:43.46,48.49 4 1
github.com/birdayz/kstreams/dag_validation.go:48.49,54.41 5 1
github.com/birdayz/kstreams/dag_validation.go:54.41,55.25 1 1
github.com/birdayz/kstreams/dag_validation.go:55.25,56.46 1 1
github.com/birdayz/kstreams/dag_validation.go:56.46,58.6 1 1
github.com/birdayz/kstreams/dag_validation.go:59.10,59.32 1 1
github.com/birdayz/kstreams/dag_validation.go:59.32,63.5 2 1
github.com/birdayz/kstreams/dag_validation.go:66.3,67.13 2 1
github.com/birdayz/kstreams/dag_validation.go:71.2,71.30 1 1
github.com/birdayz/kstreams/dag_validation.go:71.30,72.23 1 1
github.com/birdayz/kstreams/dag_validation.go:72.23,73.43 1 1
github.com/birdayz/kstreams/dag_validation.go:73.43,75.5 1 1
github.com/birdayz/kstreams/dag_validation.go:79.2,79.12 1 1
github.com/birdayz/kstreams/dag_validation.go:83.51,87.37 2 1
github.com/birdayz/kstreams/dag_validation.go:87.37,89.3 1 1
github.com/birdayz/kstreams/dag_validation.go:92.2,93.30 2 1
github.com/birdayz/kstreams/dag_validation.go:93.30,94.25 1 1
github.com/birdayz/kstreams/dag_validation.go:94.25,96.4 1 1
github.com/birdayz/kstreams/dag_validation.go:99.2,99.22 1 1
github.com/birdayz/kstreams/dag_validation.go:99.22,102.3 2 1
github.com/birdayz/kstreams/dag_validation.go:104.2,104.12 1 1
github.com/birdayz/kstreams/dag_validation.go:108.81,109.23 1 1
github.com/birdayz/kstreams/dag_validation.go:109.23,111.3 1 1
github.com/birdayz/kstreams/dag_validation.go:113.2,116.40 3 1
github.com/birdayz/kstreams/dag_validation.go:116.40,118.3 1 1
github.com/birdayz/kstreams/dag_validation.go:122.47,123.36 1 1
github.com/birdayz/kstreams/dag_validation.go:123.36,124.58 1 1
github.com/birdayz/kstreams/dag_validation.go:124.58,126.4 1 1
github.com/birdayz/kstreams/dag_validation.go:128.2,128.12 1 1
github.com/birdayz/kstreams/dag_validation.go:132.48,133.36 1 1
github.com/birdayz/kstreams/dag_validation.go:133.36,134.45 1 1
github.com/birdayz/kstreams/dag_validation.go:134.45,135.41 1 1
github.com/birdayz/kstreams/dag_validation.go:135.41,137.5 1 1
github.com/birdayz/kstreams/dag_validation.go:140.2,140.12 1 1
github.com/birdayz/kstreams/dag_validation.go:145.61,148.30 2 1
github.com/birdayz/kstreams/dag_validation.go:148.30,150.3 1 1
github.com/birdayz/kstreams/dag_validation.go:151.2,151.31 1 1
github.com/birdayz/kstreams/dag_validation.go:151.31,152.41 1 1
github.com/birdayz/kstreams/dag_validation.go:152.41,154.4 1 1
github.com/birdayz/kstreams/dag_validation.go:159.2,160.39 2 1
github.com/birdayz/kstreams/dag_validation.go:160.39,161.18 1 1
github.com/birdayz/kstreams/dag_validation.go:161.18,163.4 1 1
github.com/birdayz/kstreams/dag_validation.go:165.2,168.21 3 1
github.com/birdayz/kstreams/dag_validation.go:168.21,180.36 8 1
github.com/birdayz/kstreams/dag_validation.go:180.36,182.30 2 1
github.com/birdayz/kstreams/dag_validation.go:182.30,185.5 2 1
github.com/birdayz/kstreams/dag_validation.go:190.2,190.33 1 1
github.com/birdayz/kstreams/dag_validation.go:190.33,192.3 1 1
github.com/birdayz/kstreams/dag_validation.go:194.2,194.20 1 1
github.com/birdayz/kstreams/dag_validation.go:199.65,204.29 4 1
github.com/birdayz/kstreams/dag_validation.go:204.29,205.23 1 1
github.com/birdayz/kstreams/dag_validation.go:205.23,207.4 1 0
github.com/birdayz/kstreams/dag_validation.go:208.3,211.41 3 1
github.com/birdayz/kstreams/dag_validation.go:211.41,213.45 1 1
github.com/birdayz/kstreams/dag_validation.go:213.45,216.5 2 1
github.com/birdayz/kstreams/dag_validation.go:220.2,221.15 2 1
github.com/birdayz/kstreams/dag_validation.go:226.77,229.31 2 1
github.com/birdayz/kstreams/dag_validation.go:229.31,231.3 1 1
github.com/birdayz/kstreams/dag_validation.go:232.2,235.37 3 1
github.com/birdayz/kstreams/dag_validation.go:235.37,243.37 4 1
github.com/birdayz/kstreams/dag_validation.go:243.37,245.46 2 1
github.com/birdayz/kstreams/dag_validation.go:245.46,247.5 1 1
github.com/birdayz/kstreams/dag_validation.go:251.3,252.35 2 1
github.com/birdayz/kstreams/dag_validation.go:252.35,254.4 1 1
github.com/birdayz/kstreams/dag_validation.go:255.3,262.37 4 1
github.com/birdayz/kstreams/dag_validation.go:262.37,264.4 1 1
github.com/birdayz/kstreams/dag_validation.go:266.3,271.33 2 1
github.com/birdayz/kstreams/dag_validation.go:275.2,275.55 1 1
github.com/birdayz/kstreams/dag_validation.go:280.81,281.6 1 1
github.com/birdayz/kstreams/dag_validation.go:281.6,283.33 2 1
github.com/birdayz/kstreams/dag_validation.go:283.33,284.38 1 1
github.com/birdayz/kstreams/dag_validation.go:284.38,285.42 1 1
github.com/birdayz/kstreams/dag_validation.go:285.42,304.11 12 1
github.com/birdayz/kstreams/dag_validation.go:307.4,307.14 1 1
github.com/birdayz/kstreams/dag_validation.go:307.14,308.10 1 1
github.com/birdayz/kstreams/dag_validation.go:311.3,311.14 1 1
github.com/birdayz/kstreams/dag_validation.go:311.14,312.9 1 1
github.com/birdayz/kstreams/dag_validation.go:317.2,317.28 1 1
github.com/birdayz/kstreams/dag_validation.go:317.28,321.3 3 1
github.com/birdayz/kstreams/dag_validation.go:323.2,323.12 1 1
github.com/birdayz/kstreams/dag_validation.go:328.51,330.39 1 1
github.com/birdayz/kstreams/dag_validation.go:330.39,331.45 1 1
github.com/birdayz/kstreams/dag_validation.go:331.45,333.4 1 0
github.com/birdayz/kstreams/dag_validation.go:337.2,337.40 1 1
github.com/birdayz/kstreams/dag_validation.go:337.40,338.46 1 1
github.com/birdayz/kstreams/dag_validation.go:338.46,340.4 1 1
github.com/birdayz/kstreams/dag_validation.go:344.2,344.37 1 1
github.com/birdayz/kstreams/dag_validation.go:344.37,345.43 1 0
github.com/birdayz/kstreams/dag_validation.go:345.43,347.4 1 0
github.com/birdayz/kstreams/dag_validation.go:350.2,350.14 1 1
github.com/birdayz/kstreams/interceptor.go:28.114,32.2 1 0
github.com/birdayz/kstreams/interceptor.go:40.9,41.30 1 0
github.com/birdayz/kstreams/interceptor.go:41.30,43.3 1 0
github.com/birdayz/kstreams/interceptor.go:46.2,47.48 2 0
github.com/birdayz/kstreams/interceptor.go:47.48,50.70 3 0
github.com/birdayz/kstreams/interceptor.go:50.70,52.4 1 0
github.com/birdayz/kstreams/interceptor.go:55.2,55.29 1 0
github.com/birdayz/kstreams/interceptor.go:59.91,60.102 1 0
github.com/birdayz/kstreams/interceptor.go:60.102,69.17 3 0
github.com/birdayz/kstreams/interceptor.go:69.17,71.4 1 0
github.com/birdayz/kstreams/interceptor.go:71.9,73.4 1 0
github.com/birdayz/kstreams/interceptor.go:75.3,75.13 1 0
github.com/birdayz/kstreams/interceptor.go:80.132,81.102 1 0
github.com/birdayz/kstreams/interceptor.go:81.102,90.3 6 0
github.com/birdayz/kstreams/interceptor.go:96.72,97.102 1 0
github.com/birdayz/kstreams/interceptor.go:97.102,100.61 2 0
github.com/birdayz/kstreams/interceptor.go:100.61,102.4 1 0
github.com/birdayz/kstreams/interceptor.go:102.9,106.4 2 0
github.com/birdayz/kstreams/interceptor.go:114.3,119.13 2 0
github.com/birdayz/kstreams/interceptor.go:124.118,125.102 1 0
github.com/birdayz/kstreams/interceptor.go:125.102,127.36 2 0
github.com/birdayz/kstreams/interceptor.go:127.36,129.18 2 0
github.com/birdayz/kstreams/interceptor.go:129.18,131.5 1 0
github.com/birdayz/kstreams/interceptor.go:133.4,133.22 1 0
github.com/birdayz/kstreams/interceptor.go:133.22,135.5 1 0
github.com/birdayz/kstreams/interceptor.go:137.3,137.68 1 0
github.com/birdayz/kstreams/isolated_context.go:25.93,26.38 1 0
github.com/birdayz/kstreams/isolated_context.go:26.38,27.49 1 0
github.com/birdayz/kstreams/isolated_context.go:27.49,31.4 3 0
github.com/birdayz/kstreams/isolated_context.go:37.113,40.9 3 0
github.com/birdayz/kstreams/isolated_context.go:40.9,45.3 4 0
github.com/birdayz/kstreams/isolated_context.go:47.2,47.48 1 0
github.com/birdayz/kstreams/isolated_context.go:47.48,51.3 3 0
github.com/birdayz/kstreams/isolated_context.go:55.76,57.2 1 0
github.com/birdayz/kstreams/isolated_context.go:61.62,65.2 3 0
github.com/birdayz/kstreams/isolated_context.go:69.70,73.24 3 0
github.com/birdayz/kstreams/isolated_context.go:73.24,75.3 1 0
github.com/birdayz/kstreams/isolated_context.go:78.2,84.13 4 0
github.com/birdayz/kstreams/iterator.go:41.24,47.2 1 1
github.com/birdayz/kstreams/iterator.go:51.44,52.21 1 1
github.com/birdayz/kstreams/iterator.go:52.21,54.3 1 1
github.com/birdayz/kstreams/iterator.go:57.2,58.16 2 1
github.com/birdayz/kstreams/iterator.go:58.16,61.3 2 1
github.com/birdayz/kstreams/iterator.go:62.2,66.16 3 1
github.com/birdayz/kstreams/iterator.go:66.16,69.3 2 1
github.com/birdayz/kstreams/iterator.go:70.2,72.13 2 1
github.com/birdayz/kstreams/iterator.go:77.40,79.2 1 1
github.com/birdayz/kstreams/iterator.go:83.42,85.2 1 1
github.com/birdayz/kstreams/iterator.go:88.44,89.19 1 1
github.com/birdayz/kstreams/iterator.go:89.19,91.3 1 1
github.com/birdayz/kstreams/iterator.go:92.2,92.22 1 1
github.com/birdayz/kstreams/iterator.go:96.46,98.2 1 1
github.com/birdayz/kstreams/processor.go:60.110,62.2 1 0
github.com/birdayz/kstreams/processor.go:64.73,66.2 1 0
github.com/birdayz/kstreams/processor.go:71.9,73.99 1 0
github.com/birdayz/kstreams/processor.go:73.99,75.3 1 0
github.com/birdayz/kstreams/processor.go:82.41,87.2 1 0
github.com/birdayz/kstreams/processor_node.go:21.96,23.16 2 1
github.com/birdayz/kstreams/processor_node.go:23.16,25.3 1 1
github.com/birdayz/kstreams/processor_node.go:28.2,29.19 2 1
github.com/birdayz/kstreams/processor_node.go:29.19,31.28 2 1
github.com/birdayz/kstreams/processor_node.go:31.28,33.4 1 1
github.com/birdayz/kstreams/processor_node.go:34.3,34.14 1 1
github.com/birdayz/kstreams/processor_node.go:37.2,37.12 1 1
github.com/birdayz/kstreams/processor_node.go:40.60,42.2 1 1
github.com/birdayz/kstreams/processor_node.go:44.61,46.2 1 1
github.com/birdayz/kstreams/punctuator.go:38.40,42.2 3 0
github.com/birdayz/kstreams/punctuator.go:45.50,49.2 3 0
github.com/birdayz/kstreams/punctuator.go:60.50,66.2 1 1
github.com/birdayz/kstreams/punctuator.go:73.15,78.36 4 1
github.com/birdayz/kstreams/punctuator.go:78.36,80.3 1 1
github.com/birdayz/kstreams/punctuator.go:80.8,82.3 1 0
github.com/birdayz/kstreams/punctuator.go:84.2,93.17 3 1
github.com/birdayz/kstreams/punctuator.go:97.96,100.35 2 1
github.com/birdayz/kstreams/punctuator.go:100.35,102.3 1 1
github.com/birdayz/kstreams/punctuator.go:103.2,107.74 3 1
github.com/birdayz/kstreams/punctuator.go:111.72,119.2 5 1
github.com/birdayz/kstreams/punctuator.go:126.9,132.37 5 1
github.com/birdayz/kstreams/punctuator.go:132.37,133.29 1 0
github.com/birdayz/kstreams/punctuator.go:133.29,134.12 1 0
github.com/birdayz/kstreams/punctuator.go:137.3,137.38 1 0
github.com/birdayz/kstreams/punctuator.go:137.38,138.12 1 0
github.com/birdayz/kstreams/punctuator.go:141.3,145.17 4 0
github.com/birdayz/kstreams/punctuator.go:145.17,147.62 1 0
github.com/birdayz/kstreams/punctuator.go:147.62,149.5 1 0
github.com/birdayz/kstreams/punctuator.go:152.4,154.24 3 0
github.com/birdayz/kstreams/punctuator.go:159.2,161.12 2 1
github.com/birdayz/kstreams/punctuator.go:165.48,170.39 4 1
github.com/birdayz/kstreams/punctuator.go:170.39,171.30 1 0
github.com/birdayz/kstreams/punctuator.go:171.30,173.4 1 0
github.com/birdayz/kstreams/punctuator.go:175.2,175.24 1 1
github.com/birdayz/kstreams/punctuator.go:179.53,183.2 3 1
github.com/birdayz/kstreams/record.go:41.28,45.2 1 0
github.com/birdayz/kstreams/record.go:49.50,53.35 3 0
github.com/birdayz/kstreams/record.go:53.35,54.24 1 0
github.com/birdayz/kstreams/record.go:54.24,56.4 1 0
github.com/birdayz/kstreams/record.go:58.2,58.19 1 0
github.com/birdayz/kstreams/record.go:62.47,67.35 4 0
github.com/birdayz/kstreams/record.go:67.35,68.24 1 0
github.com/birdayz/kstreams/record.go:68.24,70.4 1 0
github.com/birdayz/kstreams/record.go:72.2,72.15 1 0
github.com/birdayz/kstreams/record.go:76.49,82.35 4 0
github.com/birdayz/kstreams/record.go:82.35,83.24 1 0
github.com/birdayz/kstreams/record.go:83.24,85.4 1 0
github.com/birdayz/kstreams/record.go:89.2,89.68 1 0
github.com/birdayz/kstreams/record.go:93.49,98.2 3 1
github.com/birdayz/kstreams/record.go:101.38,106.35 4 0
github.com/birdayz/kstreams/record.go:106.35,107.24 1 0
github.com/birdayz/kstreams/record.go:107.24,109.4 1 0
github.com/birdayz/kstreams/record.go:111.2,111.22 1 0
github.com/birdayz/kstreams/record.go:115.40,122.2 5 0
github.com/birdayz/kstreams/record.go:125.29,130.2 3 0
github.com/birdayz/kstreams/record.go:133.61,135.31 2 0
github.com/birdayz/kstreams/record.go:135.31,137.3 1 0
github.com/birdayz/kstreams/record.go:138.2,138.16 1 0
github.com/birdayz/kstreams/record.go:142.85,155.2 1 0
github.com/birdayz/kstreams/runtime_nodes.go:30.93,32.16 2 0
github.com/birdayz/kstreams/runtime_nodes.go:32.16,34.3 1 0
github.com/birdayz/kstreams/runtime_nodes.go:36.2,37.16 2 0
github.com/birdayz/kstreams/runtime_nodes.go:37.16,39.3 1 0
github.com/birdayz/kstreams/runtime_nodes.go:42.2,45.36 2 0
github.com/birdayz/kstreams/runtime_nodes.go:45.36,47.62 1 0
github.com/birdayz/kstreams/runtime_nodes.go:47.62,48.61 1 0
github.com/birdayz/kstreams/runtime_nodes.go:48.61,50.5 1 0
github.com/birdayz/kstreams/runtime_nodes.go:51.9,53.56 1 0
github.com/birdayz/kstreams/runtime_nodes.go:53.56,55.5 1 0
github.com/birdayz/kstreams/runtime_nodes.go:59.2,59.12 1 0
github.com/birdayz/kstreams/runtime_nodes.go:63.48,65.2 1 0
github.com/birdayz/kstreams/runtime_nodes.go:68.49,70.2 1 0
github.com/birdayz/kstreams/runtime_nodes.go:88.103,93.59 2 0
github.com/birdayz/kstreams/runtime_nodes.go:93.59,95.3 1 0
github.com/birdayz/kstreams/runtime_nodes.go:98.2,98.52 1 0
github.com/birdayz/kstreams/runtime_nodes.go:98.52,100.3 1 0
github.com/birdayz/kstreams/runtime_nodes.go:102.2,102.12 1 0
github.com/birdayz/kstreams/runtime_nodes.go:107.120,108.30 1 0
github.com/birdayz/kstreams/runtime_nodes.go:108.30,110.29 1 0
github.com/birdayz/kstreams/runtime_nodes.go:110.29,112.4 1 0
github.com/birdayz/kstreams/runtime_nodes.go:115.3,115.70 1 0
github.com/birdayz/kstreams/runtime_nodes.go:115.70,117.4 1 0
github.com/birdayz/kstreams/runtime_nodes.go:120.3,120.29 1 0
github.com/birdayz/kstreams/runtime_nodes.go:120.29,121.60 1 0
github.com/birdayz/kstreams/runtime_nodes.go:121.60,123.5 1 0
github.com/birdayz/kstreams/runtime_nodes.go:126.3,126.13 1 0
github.com/birdayz/kstreams/runtime_nodes.go:130.2,130.49 1 0
github.com/birdayz/kstreams/runtime_nodes.go:134.67,135.30 1 0
github.com/birdayz/kstreams/runtime_nodes.go:135.30,137.3 1 0
github.com/birdayz/kstreams/runtime_nodes.go:138.2,138.40 1 0
github.com/birdayz/kstreams/runtime_nodes.go:142.68,143.30 1 0
github.com/birdayz/kstreams/runtime_nodes.go:143.30,145.3 1 0
github.com/birdayz/kstreams/runtime_nodes.go:146.2,146.32 1 0
github.com/birdayz/kstreams/runtime_nodes.go:168.78,170.16 2 0
github.com/birdayz/kstreams/runtime_nodes.go:170.16,172.3 1 0
github.com/birdayz/kstreams/runtime_nodes.go:174.2,175.16 2 0
github.com/birdayz/kstreams/runtime_nodes.go:175.16,177.3 1 0
github.com/birdayz/kstreams/runtime_nodes.go:179.2,184.36 2 0
github.com/birdayz/kstreams/runtime_nodes.go:184.36,191.3 3 0
github.com/birdayz/kstreams/runtime_nodes.go:193.2,193.12 1 0
github.com/birdayz/kstreams/runtime_nodes.go:197.46,199.2 1 0
github.com/birdayz/kstreams/runtime_nodes.go:202.47,204.2 1 0
github.com/birdayz/kstreams/runtime_nodes.go:207.66,210.35 2 0
github.com/birdayz/kstreams/runtime_nodes.go:210.35,211.36 1 0
github.com/birdayz/kstreams/runtime_nodes.go:211.36,213.4 1 0
github.com/birdayz/kstreams/runtime_nodes.go:217.2,219.12 2 0
github.com/birdayz/kstreams/sink_node.go:31.138,39.2 1 1
github.com/birdayz/kstreams/sink_node.go:41.71,43.16 2 1
github.com/birdayz/kstreams/sink_node.go:43.16,45.3 1 1
github.com/birdayz/kstreams/sink_node.go:47.2,48.16 2 1
github.com/birdayz/kstreams/sink_node.go:48.16,50.3 1 1
github.com/birdayz/kstreams/sink_node.go:52.2,57.36 2 0
github.com/birdayz/kstreams/sink_node.go:57.36,66.3 3 0
github.com/birdayz/kstreams/sink_node.go:68.2,68.12 1 0
github.com/birdayz/kstreams/sink_node.go:71.59,74.35 2 1
github.com/birdayz/kstreams/sink_node.go:74.35,75.36 1 1
github.com/birdayz/kstreams/sink_node.go:75.36,77.4 1 1
github.com/birdayz/kstreams/sink_node.go:81.2,83.12 2 1
github.com/birdayz/kstreams/source_node.go:24.78,26.16 2 1
github.com/birdayz/kstreams/source_node.go:26.16,28.3 1 1
github.com/birdayz/kstreams/source_node.go:30.2,31.16 2 1
github.com/birdayz/kstreams/source_node.go:31.16,33.3 1 1
github.com/birdayz/kstreams/source_node.go:35.2,35.46 1 1
github.com/birdayz/kstreams/source_node.go:35.46,36.55 1 1
github.com/birdayz/kstreams/source_node.go:36.55,38.4 1 1
github.com/birdayz/kstreams/source_node.go:41.2,41.12 1 1
github.com/birdayz/kstreams/source_node.go:44.63,46.2 1 1
github.com/birdayz/kstreams/store.go:12.80,24.2 2 1
github.com/birdayz/kstreams/store.go:26.169,27.51 1 0
github.com/birdayz/kstreams/store.go:27.51,29.17 2 0
github.com/birdayz/kstreams/store.go:29.17,31.4 1 0
github.com/birdayz/kstreams/store.go:32.3,32.132 1 0
github.com/birdayz/kstreams/store.go:42.24,50.2 1 0
github.com/birdayz/kstreams/store.go:60.44,62.2 1 0
github.com/birdayz/kstreams/store.go:64.45,66.2 1 0
github.com/birdayz/kstreams/store.go:68.45,70.2 1 0
github.com/birdayz/kstreams/store.go:72.80,74.2 1 0
github.com/birdayz/kstreams/store.go:76.51,78.16 2 0
github.com/birdayz/kstreams/store.go:78.16,80.3 1 0
github.com/birdayz/kstreams/store.go:82.2,83.16 2 0
github.com/birdayz/kstreams/store.go:83.16,85.3 1 0
github.com/birdayz/kstreams/store.go:87.2,87.32 1 0
github.com/birdayz/kstreams/store.go:90.51,93.16 3 0
github.com/birdayz/kstreams/store.go:93.16,95.3 1 0
github.com/birdayz/kstreams/store.go:97.2,98.16 2 0
github.com/birdayz/kstreams/store.go:98.16,100.3 1 0
github.com/birdayz/kstreams/store.go:102.2,102.33 1 0
github.com/birdayz/kstreams/store.go:106.49,108.16 2 0
github.com/birdayz/kstreams/store.go:108.16,110.3 1 0
github.com/birdayz/kstreams/store.go:112.2,112.28 1 0
github.com/birdayz/kstreams/store.go:116.81,118.16 2 0
github.com/birdayz/kstreams/store.go:118.16,120.3 1 0
github.com/birdayz/kstreams/store.go:122.2,123.16 2 0
github.com/birdayz/kstreams/store.go:123.16,125.3 1 0
github.com/birdayz/kstreams/store.go:127.2,128.16 2 0
github.com/birdayz/kstreams/store.go:128.16,130.3 1 0
github.com/birdayz/kstreams/store.go:132.2,132.76 1 0
github.com/birdayz/kstreams/store.go:136.67,138.16 2 0
github.com/birdayz/kstreams/store.go:138.16,140.3 1 0
github.com/birdayz/kstreams/store.go:142.2,142.76 1 0
github.com/birdayz/kstreams/store.go:146.88,148.16 2 0
github.com/birdayz/kstreams/store.go:148.16,150.3 1 0
github.com/birdayz/kstreams/store.go:152.2,153.16 2 0
github.com/birdayz/kstreams/store.go:153.16,155.3 1 0
github.com/birdayz/kstreams/store.go:157.2,158.16 2 0
github.com/birdayz/kstreams/store.go:158.16,160.3 1 0
github.com/birdayz/kstreams/store.go:162.2,162.76 1 0
github.com/birdayz/kstreams/store.go:166.74,168.16 2 0
github.com/birdayz/kstreams/store.go:168.16,170.3 1 0
github.com/birdayz/kstreams/store.go:172.2,172.76 1 0
github.com/birdayz/kstreams/stream.go:28.43,29.22 1 0
github.com/birdayz/kstreams/stream.go:29.22,31.3 1 0
github.com/birdayz/kstreams/stream.go:34.45,35.22 1 0
github.com/birdayz/kstreams/stream.go:35.22,37.3 1 0
github.com/birdayz/kstreams/stream.go:40.49,41.22 1 0
github.com/birdayz/kstreams/stream.go:41.22,43.3 1 0
github.com/birdayz/kstreams/stream.go:46.68,47.22 1 0
github.com/birdayz/kstreams/stream.go:47.22,49.3 1 0
github.com/birdayz/kstreams/stream.go:54.46,54.63 1 0
github.com/birdayz/kstreams/stream.go:56.32,58.2 1 0
github.com/birdayz/kstreams/stream.go:60.62,71.27 2 0
github.com/birdayz/kstreams/stream.go:71.27,73.3 1 0
github.com/birdayz/kstreams/stream.go:75.2,75.10 1 0
github.com/birdayz/kstreams/stream.go:80.27,83.37 3 0
github.com/birdayz/kstreams/stream.go:83.37,91.17 2 0
github.com/birdayz/kstreams/stream.go:91.17,93.4 1 0
github.com/birdayz/kstreams/stream.go:94.3,95.22 2 0
github.com/birdayz/kstreams/stream.go:97.2,97.19 1 0
github.com/birdayz/kstreams/stream.go:100.29,101.37 1 0
github.com/birdayz/kstreams/stream.go:101.37,102.28 1 0
github.com/birdayz/kstreams/stream.go:102.28,104.4 1 0
github.com/birdayz/kstreams/stream.go:107.2,107.20 1 0
github.com/birdayz/kstreams/task.go:30.212,42.2 1 1
github.com/birdayz/kstreams/task.go:44.75,45.33 1 1
github.com/birdayz/kstreams/task.go:45.33,48.83 1 1
github.com/birdayz/kstreams/task.go:48.83,50.4 1 0
github.com/birdayz/kstreams/task.go:52.3,53.10 2 1
github.com/birdayz/kstreams/task.go:53.10,55.4 1 1
github.com/birdayz/kstreams/task.go:57.3,57.48 1 1
github.com/birdayz/kstreams/task.go:57.48,59.4 1 1
github.com/birdayz/kstreams/task.go:60.3,64.62 2 1
github.com/birdayz/kstreams/task.go:64.62,66.4 1 0
github.com/birdayz/kstreams/task.go:69.2,69.12 1 1
github.com/birdayz/kstreams/task.go:72.29,75.41 2 1
github.com/birdayz/kstreams/task.go:75.41,77.3 1 1
github.com/birdayz/kstreams/task.go:79.2,79.33 1 1
github.com/birdayz/kstreams/task.go:79.33,81.3 1 1
github.com/birdayz/kstreams/task.go:83.2,83.12 1 1
github.com/birdayz/kstreams/task.go:86.49,88.33 2 1
github.com/birdayz/kstreams/task.go:88.33,90.3 1 1
github.com/birdayz/kstreams/task.go:91.2,91.12 1 1
github.com/birdayz/kstreams/task.go:94.64,96.2 1 1
github.com/birdayz/kstreams/task.go:98.31,99.38 1 1
github.com/birdayz/kstreams/task.go:99.38,101.3 1 1
github.com/birdayz/kstreams/task.go:105.49,108.33 2 1
github.com/birdayz/kstreams/task.go:108.33,110.3 1 1
github.com/birdayz/kstreams/task.go:112.2,112.31 1 1
github.com/birdayz/kstreams/task.go:112.31,114.3 1 1
github.com/birdayz/kstreams/task.go:116.2,116.12 1 1
github.com/birdayz/kstreams/task.go:119.32,121.2 1 1
github.com/birdayz/kstreams/task_manager.go:32.100,36.27 2 1
github.com/birdayz/kstreams/task_manager.go:36.27,38.43 2 1
github.com/birdayz/kstreams/task_manager.go:38.43,39.47 1 1
github.com/birdayz/kstreams/task_manager.go:39.47,41.5 1 1
github.com/birdayz/kstreams/task_manager.go:44.3,44.20 1 1
github.com/birdayz/kstreams/task_manager.go:44.20,46.12 1 1
github.com/birdayz/kstreams/task_manager.go:49.3,49.38 1 1
github.com/birdayz/kstreams/task_manager.go:49.38,51.4 1 1
github.com/birdayz/kstreams/task_manager.go:54.3,54.40 1 1
github.com/birdayz/kstreams/task_manager.go:57.2,57.25 1 1
github.com/birdayz/kstreams/task_manager.go:60.94,62.16 2 1
github.com/birdayz/kstreams/task_manager.go:62.16,64.3 1 0
github.com/birdayz/kstreams/task_manager.go:66.2,66.38 1 1
github.com/birdayz/kstreams/task_manager.go:66.38,68.3 1 1
github.com/birdayz/kstreams/task_manager.go:70.2,71.33 2 1
github.com/birdayz/kstreams/task_manager.go:71.33,73.41 2 1
github.com/birdayz/kstreams/task_manager.go:73.41,74.25 1 1
github.com/birdayz/kstreams/task_manager.go:74.25,76.54 2 1
github.com/birdayz/kstreams/task_manager.go:76.54,78.6 1 1
github.com/birdayz/kstreams/task_manager.go:79.10,81.5 1 1
github.com/birdayz/kstreams/task_manager.go:84.3,87.5 1 1
github.com/birdayz/kstreams/task_manager.go:90.2,90.17 1 1
github.com/birdayz/kstreams/task_manager.go:95.67,97.16 2 0
github.com/birdayz/kstreams/task_manager.go:97.16,99.3 1 0
github.com/birdayz/kstreams/task_manager.go:104.2,104.33 1 0
github.com/birdayz/kstreams/task_manager.go:104.33,105.43 1 0
github.com/birdayz/kstreams/task_manager.go:105.43,107.18 2 0
github.com/birdayz/kstreams/task_manager.go:107.18,109.5 1 0
github.com/birdayz/kstreams/task_manager.go:110.4,110.38 1 0
github.com/birdayz/kstreams/task_manager.go:110.38,112.5 1 0
github.com/birdayz/kstreams/task_manager.go:114.4,114.35 1 0
github.com/birdayz/kstreams/task_manager.go:119.2,119.12 1 0
github.com/birdayz/kstreams/task_manager.go:123.65,125.16 2 0
github.com/birdayz/kstreams/task_manager.go:125.16,127.3 1 0
github.com/birdayz/kstreams/task_manager.go:129.2,129.33 1 0
github.com/birdayz/kstreams/task_manager.go:129.33,130.43 1 0
github.com/birdayz/kstreams/task_manager.go:130.43,134.33 2 0
github.com/birdayz/kstreams/task_manager.go:134.33,135.97 1 0
github.com/birdayz/kstreams/task_manager.go:135.97,137.55 2 0
github.com/birdayz/kstreams/task_manager.go:137.55,139.7 1 0
github.com/birdayz/kstreams/task_manager.go:140.6,140.46 1 0
github.com/birdayz/kstreams/task_manager.go:143.4,143.14 1 0
github.com/birdayz/kstreams/task_manager.go:143.14,145.5 1 0
github.com/birdayz/kstreams/task_manager.go:150.2,150.12 1 0
github.com/birdayz/kstreams/task_manager.go:155.57,156.31 1 0
github.com/birdayz/kstreams/task_manager.go:156.31,157.41 1 0
github.com/birdayz/kstreams/task_manager.go:157.41,159.4 1 0
github.com/birdayz/kstreams/task_manager.go:160.3,160.43 1 0
github.com/birdayz/kstreams/task_manager.go:163.2,163.38 1 0
github.com/birdayz/kstreams/task_manager.go:163.38,165.3 1 0
github.com/birdayz/kstreams/task_manager.go:167.2,168.12 2 0
github.com/birdayz/kstreams/task_manager.go:171.57,174.31 2 0
github.com/birdayz/kstreams/task_manager.go:174.31,176.37 2 0
github.com/birdayz/kstreams/task_manager.go:176.37,178.33 1 0
github.com/birdayz/kstreams/task_manager.go:178.33,180.5 1 0
github.com/birdayz/kstreams/task_manager.go:181.4,181.93 1 0
github.com/birdayz/kstreams/task_manager.go:184.2,186.151 2 0
github.com/birdayz/kstreams/task_manager.go:186.151,187.15 1 0
github.com/birdayz/kstreams/task_manager.go:187.15,190.4 2 0
github.com/birdayz/kstreams/task_manager.go:192.3,192.33 1 0
github.com/birdayz/kstreams/task_manager.go:192.33,193.35 1 0
github.com/birdayz/kstreams/task_manager.go:193.35,195.19 2 0
github.com/birdayz/kstreams/task_manager.go:195.19,198.6 2 0
github.com/birdayz/kstreams/task_manager.go:202.3,202.15 1 0
github.com/birdayz/kstreams/task_manager.go:206.2,207.16 2 0
github.com/birdayz/kstreams/task_manager.go:207.16,209.3 1 0
github.com/birdayz/kstreams/task_manager.go:211.2,211.31 1 0
github.com/birdayz/kstreams/task_manager.go:211.31,213.3 1 0
github.com/birdayz/kstreams/task_manager.go:215.2,215.12 1 0
github.com/birdayz/kstreams/task_manager.go:218.56,221.31 2 1
github.com/birdayz/kstreams/task_manager.go:221.31,223.3 1 1
github.com/birdayz/kstreams/task_manager.go:225.2,225.12 1 1
github.com/birdayz/kstreams/task_manager.go:228.77,229.31 1 1
github.com/birdayz/kstreams/task_manager.go:229.31,230.73 1 1
github.com/birdayz/kstreams/task_manager.go:230.73,232.4 1 1
github.com/birdayz/kstreams/task_manager.go:235.2,235.29 1 1
github.com/birdayz/kstreams/topology.go:22.41,25.37 2 0
github.com/birdayz/kstreams/topology.go:25.37,27.3 1 0
github.com/birdayz/kstreams/topology.go:28.2,29.15 2 0
github.com/birdayz/kstreams/topology.go:39.59,43.2 1 0
github.com/birdayz/kstreams/topology.go:45.62,47.39 2 0
github.com/birdayz/kstreams/topology.go:47.39,49.34 2 0
github.com/birdayz/kstreams/topology.go:49.34,51.35 1 0
github.com/birdayz/kstreams/topology.go:51.35,52.13 1 0
github.com/birdayz/kstreams/topology.go:54.4,55.52 2 0
github.com/birdayz/kstreams/topology.go:58.2,58.12 1 0
github.com/birdayz/kstreams/topology.go:61.100,65.2 1 0
github.com/birdayz/kstreams/topology.go:68.75,71.39 3 0
github.com/birdayz/kstreams/topology.go:71.39,73.9 2 0
github.com/birdayz/kstreams/topology.go:73.9,75.4 1 0
github.com/birdayz/kstreams/topology.go:75.9,77.11 2 0
github.com/birdayz/kstreams/topology.go:77.11,78.46 1 0
github.com/birdayz/kstreams/topology.go:84.4,84.28 1 0
github.com/birdayz/kstreams/topology.go:88.2,88.12 1 0
github.com/birdayz/kstreams/topology.go:91.83,96.25 3 0
github.com/birdayz/kstreams/topology.go:96.25,98.31 1 0
github.com/birdayz/kstreams/topology.go:98.31,99.14 1 0
github.com/birdayz/kstreams/topology.go:99.14,100.13 1 0
github.com/birdayz/kstreams/topology.go:102.4,102.166 1 0
github.com/birdayz/kstreams/topology.go:102.166,106.16 4 0
github.com/birdayz/kstreams/topology.go:112.2,112.12 1 0
github.com/birdayz/kstreams/topology.go:112.12,114.3 1 0
github.com/birdayz/kstreams/topology.go:117.2,117.11 1 0
github.com/birdayz/kstreams/topology.go:117.11,119.3 1 0
github.com/birdayz/kstreams/topology.go:122.2,131.19 7 0
github.com/birdayz/kstreams/topology.go:135.68,137.16 2 0
github.com/birdayz/kstreams/topology.go:137.16,139.3 1 0
github.com/birdayz/kstreams/topology.go:141.2,141.12 1 0
github.com/birdayz/kstreams/topology_builder.go:22.55,24.44 1 1
github.com/birdayz/kstreams/topology_builder.go:24.44,26.3 1 1
github.com/birdayz/kstreams/topology_builder.go:29.2,30.16 2 1
github.com/birdayz/kstreams/topology_builder.go:30.16,32.3 1 0
github.com/birdayz/kstreams/topology_builder.go:34.2,42.8 1 1
github.com/birdayz/kstreams/topology_builder.go:45.50,47.16 2 1
github.com/birdayz/kstreams/topology_builder.go:47.16,48.13 1 1
github.com/birdayz/kstreams/topology_builder.go:50.2,50.17 1 1
github.com/birdayz/kstreams/topology_builder.go:54.51,55.25 1 1
github.com/birdayz/kstreams/topology_builder.go:55.25,56.27 1 1
github.com/birdayz/kstreams/topology_builder.go:56.27,57.21 1 1
github.com/birdayz/kstreams/topology_builder.go:57.21,59.5 1 1
github.com/birdayz/kstreams/topology_builder.go:63.2,63.14 1 1
github.com/birdayz/kstreams/topology_builder.go:66.44,74.2 1 1
github.com/birdayz/kstreams/topology_builder.go:101.150,103.2 1 1
github.com/birdayz/kstreams/topology_builder.go:105.152,109.48 2 1
github.com/birdayz/kstreams/topology_builder.go:109.48,111.3 1 1
github.com/birdayz/kstreams/topology_builder.go:114.2,129.36 6 1
github.com/birdayz/kstreams/topology_builder.go:129.36,131.4 1 0
github.com/birdayz/kstreams/topology_builder.go:132.59,134.11 2 0
github.com/birdayz/kstreams/topology_builder.go:134.11,135.24 1 0
github.com/birdayz/kstreams/topology_builder.go:138.4,139.11 2 0
github.com/birdayz/kstreams/topology_builder.go:139.11,140.24 1 0
github.com/birdayz/kstreams/topology_builder.go:144.4,144.33 1 0
github.com/birdayz/kstreams/topology_builder.go:150.2,150.43 1 1
github.com/birdayz/kstreams/topology_builder.go:150.43,152.3 1 0
github.com/birdayz/kstreams/topology_builder.go:154.2,156.12 2 1
github.com/birdayz/kstreams/topology_builder.go:159.22,160.16 1 1
github.com/birdayz/kstreams/topology_builder.go:160.16,161.13 1 1
github.com/birdayz/kstreams/topology_builder.go:165.148,167.2 1 1
github.com/birdayz/kstreams/topology_builder.go:169.150,174.48 3 1
github.com/birdayz/kstreams/topology_builder.go:174.48,176.3 1 1
github.com/birdayz/kstreams/topology_builder.go:179.2,180.9 2 1
github.com/birdayz/kstreams/topology_builder.go:180.9,182.3 1 1
github.com/birdayz/kstreams/topology_builder.go:185.2,195.65 3 1
github.com/birdayz/kstreams/topology_builder.go:195.65,197.3 1 0
github.com/birdayz/kstreams/topology_builder.go:200.2,210.45 5 1
github.com/birdayz/kstreams/topology_builder.go:210.45,212.4 1 0
github.com/birdayz/kstreams/topology_builder.go:215.2,217.35 2 1
github.com/birdayz/kstreams/topology_builder.go:220.162,222.2 1 1
github.com/birdayz/kstreams/topology_builder.go:224.164,229.48 3 1
github.com/birdayz/kstreams/topology_builder.go:229.48,231.3 1 1
github.com/birdayz/kstreams/topology_builder.go:234.2,235.9 2 1
github.com/birdayz/kstreams/topology_builder.go:235.9,237.3 1 1
github.com/birdayz/kstreams/topology_builder.go:240.2,240.35 1 1
github.com/birdayz/kstreams/topology_builder.go:240.35,241.46 1 1
github.com/birdayz/kstreams/topology_builder.go:241.46,243.4 1 1
github.com/birdayz/kstreams/topology_builder.go:247.2,256.65 3 1
github.com/birdayz/kstreams/topology_builder.go:256.65,258.3 1 0
github.com/birdayz/kstreams/topology_builder.go:261.2,271.45 5 1
github.com/birdayz/kstreams/topology_builder.go:271.45,281.4 2 0
github.com/birdayz/kstreams/topology_builder.go:286.2,286.77 1 1
github.com/birdayz/kstreams/topology_builder.go:286.77,288.10 2 0
github.com/birdayz/kstreams/topology_builder.go:288.10,289.23 1 0
github.com/birdayz/kstreams/topology_builder.go:292.3,293.10 2 0
github.com/birdayz/kstreams/topology_builder.go:293.10,294.23 1 0
github.com/birdayz/kstreams/topology_builder.go:297.3,297.61 1 0
github.com/birdayz/kstreams/topology_builder.go:300.2,300.43 1 1
github.com/birdayz/kstreams/topology_builder.go:300.43,302.3 1 0
github.com/birdayz/kstreams/topology_builder.go:304.2,306.35 2 1
github.com/birdayz/kstreams/topology_builder.go:309.62,311.2 1 1
github.com/birdayz/kstreams/topology_builder.go:313.64,315.8 2 1
github.com/birdayz/kstreams/topology_builder.go:315.8,318.3 2 1
github.com/birdayz/kstreams/topology_builder.go:320.2,321.8 2 1
github.com/birdayz/kstreams/topology_builder.go:321.8,324.3 2 1
github.com/birdayz/kstreams/topology_builder.go:326.2,326.24 1 1
github.com/birdayz/kstreams/topology_builder.go:337.9,343.2 1 0
github.com/birdayz/kstreams/topology_builder.go:353.9,355.65 1 0
github.com/birdayz/kstreams/topology_builder.go:355.65,357.3 1 0
github.com/birdayz/kstreams/topology_builder.go:359.2,359.76 1 0
github.com/birdayz/kstreams/worker.go:66.139,83.91 4 0
github.com/birdayz/kstreams/worker.go:83.91,85.4 1 0
github.com/birdayz/kstreams/worker.go:86.90,88.4 1 0
github.com/birdayz/kstreams/worker.go:90.2,90.16 1 0
github.com/birdayz/kstreams/worker.go:90.16,92.3 1 0
github.com/birdayz/kstreams/worker.go:94.2,111.15 4 0
github.com/birdayz/kstreams/worker.go:114.53,117.2 2 0
github.com/birdayz/kstreams/worker.go:119.30,121.2 1 0
github.com/birdayz/kstreams/worker.go:123.34,126.9 2 0
github.com/birdayz/kstreams/worker.go:127.35,132.9 5 0
github.com/birdayz/kstreams/worker.go:133.10,133.10 0 0
github.com/birdayz/kstreams/worker.go:136.2,136.9 1 0
github.com/birdayz/kstreams/worker.go:137.26,140.9 3 0
github.com/birdayz/kstreams/worker.go:141.10,141.10 0 0
github.com/birdayz/kstreams/worker.go:144.2,154.24 8 0
github.com/birdayz/kstreams/worker.go:154.24,157.3 2 0
github.com/birdayz/kstreams/worker.go:159.2,159.42 1 0
github.com/birdayz/kstreams/worker.go:159.42,161.3 1 0
github.com/birdayz/kstreams/worker.go:163.2,163.51 1 0
github.com/birdayz/kstreams/worker.go:163.51,164.41 1 0
github.com/birdayz/kstreams/worker.go:164.41,165.59 1 0
github.com/birdayz/kstreams/worker.go:165.59,166.13 1 0
github.com/birdayz/kstreams/worker.go:168.4,169.29 2 0
github.com/birdayz/kstreams/worker.go:169.29,173.5 3 0
github.com/birdayz/kstreams/worker.go:176.3,176.55 1 0
github.com/birdayz/kstreams/worker.go:176.55,179.18 3 0
github.com/birdayz/kstreams/worker.go:179.18,183.5 3 0
github.com/birdayz/kstreams/worker.go:185.4,187.41 2 0
github.com/birdayz/kstreams/worker.go:187.41,193.19 5 0
github.com/birdayz/kstreams/worker.go:193.19,198.6 4 0
github.com/birdayz/kstreams/worker.go:200.4,200.79 1 0
github.com/birdayz/kstreams/worker.go:206.2,208.49 3 0
github.com/birdayz/kstreams/worker.go:208.49,213.3 4 0
github.com/birdayz/kstreams/worker.go:214.2,214.33 1 0
github.com/birdayz/kstreams/worker.go:217.57,218.60 1 0
github.com/birdayz/kstreams/worker.go:218.60,219.45 1 0
github.com/birdayz/kstreams/worker.go:219.45,221.4 1 0
github.com/birdayz/kstreams/worker.go:222.3,222.51 1 0
github.com/birdayz/kstreams/worker.go:222.51,224.4 1 0
github.com/birdayz/kstreams/worker.go:225.3,225.38 1 0
github.com/birdayz/kstreams/worker.go:228.2,228.12 1 0
github.com/birdayz/kstreams/worker.go:232.33,234.2 1 0
github.com/birdayz/kstreams/worker.go:236.45,237.62 1 0
github.com/birdayz/kstreams/worker.go:237.62,239.3 1 0
github.com/birdayz/kstreams/worker.go:241.2,241.64 1 0
github.com/birdayz/kstreams/worker.go:241.64,245.3 3 0
github.com/birdayz/kstreams/worker.go:247.2,250.34 3 0
github.com/birdayz/kstreams/worker.go:250.34,252.3 1 0
github.com/birdayz/kstreams/worker.go:252.8,254.3 1 0
github.com/birdayz/kstreams/worker.go:257.41,261.55 3 0
github.com/birdayz/kstreams/worker.go:261.55,263.3 1 0
github.com/birdayz/kstreams/worker.go:264.2,264.61 1 0
github.com/birdayz/kstreams/worker.go:264.61,266.3 1 0
github.com/birdayz/kstreams/worker.go:268.2,268.12 1 0
github.com/birdayz/kstreams/worker.go:268.12,270.33 1 0
github.com/birdayz/kstreams/worker.go:270.34,272.4 0 0
github.com/birdayz/kstreams/worker.go:273.3,273.12 1 0
github.com/birdayz/kstreams/worker.go:276.2,277.16 2 0
github.com/birdayz/kstreams/worker.go:277.16,279.3 1 0
github.com/birdayz/kstreams/worker.go:281.2,284.28 4 0
github.com/birdayz/kstreams/worker.go:287.34,288.9 1 0
github.com/birdayz/kstreams/worker.go:289.44,292.41 3 0
github.com/birdayz/kstreams/worker.go:293.26,294.37 1 0
github.com/birdayz/kstreams/worker.go:299.31,300.6 1 0
github.com/birdayz/kstreams/worker.go:300.6,301.18 1 0
github.com/birdayz/kstreams/worker.go:302.21,303.21 1 0
github.com/birdayz/kstreams/worker.go:304.28,305.28 1 0
github.com/birdayz/kstreams/worker.go:306.32,307.32 1 0
github.com/birdayz/kstreams/worker.go:308.21,309.21 1 0
github.com/birdayz/kstreams/worker.go:310.20,312.16 2 0
github.com/birdayz/kstreams/worker.go:317.32,320.25 3 0
github.com/birdayz/kstreams/worker.go:320.25,322.3 1 0
github.com/birdayz/kstreams/worker.go:323.2,325.12 3 0
